<?xml version="1.0" encoding="UTF-8"?>
<testsuite name="JUnitExamples" tests="2" skipped="0" failures="0" errors="0" timestamp="2023-02-20T13:04:20" hostname="DESKTOP-9C98VUC" time="0.01">
  <properties/>
  <testcase name="firstTest()" classname="JUnitExamples" time="0.008"/>
  <testcase name="secondTest()" classname="JUnitExamples" time="0.001"/>
  <system-out><![CDATA[    Here is blaTest()
        Oh FUCK()
Here is firstTest()
no pizza()
        Oh FUCK()
Here is blablaTest()
no pizza()
Pizza Time()
]]></system-out>
  <system-err><![CDATA[]]></system-err>
</testsuite>
